Arguments: 
  /usr/local/bin/node /usr/local/bin/yarn run eslint --init

PATH: 
  /usr/local/sbin:/usr/local/bin:/usr/sbin:/usr/bin:/sbin:/bin:/usr/games:/usr/local/games:/snap/bin

Yarn version: 
  1.22.10

Node version: 
  15.14.0

Platform: 
  linux x64

Trace: 
  SyntaxError: /home/jose/03-CODING/freecodeCamp/Api-Microservices/boilerplate-project-urlshortener/package.json: Unexpected token } in JSON at position 198
      at JSON.parse (<anonymous>)
      at /usr/local/lib/node_modules/yarn/lib/cli.js:1625:59
      at Generator.next (<anonymous>)
      at step (/usr/local/lib/node_modules/yarn/lib/cli.js:310:30)
      at /usr/local/lib/node_modules/yarn/lib/cli.js:321:13

npm manifest: 
  {
    "name": "shorturl",
    "version": "0.0.3",
    "description": "API project for freeCodeCamp",
    "main": "server.js",
    "scripts": {
      "start": "node server.js",
      "dev": "nodemon server.js",
    },
    "dependencies": {
      "body-parser": "^1.19.0",
      "cors": "^2.8.5",
      "dotenv": "^8.2.0",
      "express": "^4.17.1",
      "mongoose": "^5.13.4",
      "valid-url": "^1.0.9"
    },
    "license": "MIT",
    "devDependencies": {
      "eslint": "^7.31.0",
      "nodemon": "^2.0.4"
    }
  }

yarn manifest: 
  No manifest

Lockfile: 
  No lockfile
